# JRE version: OpenJDK Runtime Environment (17.0.11) (build 17.0.11+0--11852314)
# Java VM: OpenJDK 64-Bit Server VM (17.0.11+0--11852314, mixed mode, tiered, compressed oops, compressed class ptrs, g1 gc, windows-amd64)
GC Precious Log:
 CPUs: 16 total, 16 available
 Memory: 16060M
 Large Page Support: Disabled
 NUMA Support: Disabled
 Compressed Oops: Enabled (32-bit)
 Heap Region Size: 1M
 Heap Min Capacity: 8M
 Heap Initial Capacity: 252M
 Heap Max Capacity: 2G
 Pre-touch: Disabled
 Parallel Workers: 13
 Concurrent Workers: 3
 Concurrent Refinement Workers: 13
 Periodic GC: Disabled
Heap:
 garbage-first heap   total 489472K, used 205955K [0x0000000080000000, 0x0000000100000000)
  region size 1024K, 35 young (35840K), 2 survivors (2048K)
 Metaspace       used 152209K, committed 153536K, reserved 1245184K
  class space    used 20903K, committed 21504K, reserved 1048576K
GC Heap History (20 events):
Event: 261.468 GC heap before
{Heap before GC invocations=66 (full 0):
 garbage-first heap   total 268288K, used 192238K [0x0000000080000000, 0x0000000100000000)
  region size 1024K, 40 young (40960K), 2 survivors (2048K)
 Metaspace       used 120609K, committed 121664K, reserved 1179648K
  class space    used 16211K, committed 16704K, reserved 1048576K
}
Event: 261.470 GC heap after
{Heap after GC invocations=67 (full 0):
 garbage-first heap   total 268288K, used 158029K [0x0000000080000000, 0x0000000100000000)
  region size 1024K, 5 young (5120K), 5 survivors (5120K)
 Metaspace       used 120609K, committed 121664K, reserved 1179648K
  class space    used 16211K, committed 16704K, reserved 1048576K
}
Event: 261.527 GC heap before
{Heap before GC invocations=67 (full 0):
 garbage-first heap   total 268288K, used 165197K [0x0000000080000000, 0x0000000100000000)
  region size 1024K, 13 young (13312K), 5 survivors (5120K)
 Metaspace       used 120664K, committed 121728K, reserved 1179648K
  class space    used 16211K, committed 16704K, reserved 1048576K
}
Event: 261.538 GC heap after
{Heap after GC invocations=68 (full 0):
 garbage-first heap   total 268288K, used 149699K [0x0000000080000000, 0x0000000100000000)
  region size 1024K, 1 young (1024K), 1 survivors (1024K)
 Metaspace       used 120664K, committed 121728K, reserved 1179648K
  class space    used 16211K, committed 16704K, reserved 1048576K
}
Event: 262.068 GC heap before
{Heap before GC invocations=68 (full 0):
 garbage-first heap   total 268288K, used 222403K [0x0000000080000000, 0x0000000100000000)
  region size 1024K, 72 young (73728K), 1 survivors (1024K)
 Metaspace       used 121137K, committed 122304K, reserved 1179648K
  class space    used 16261K, committed 16832K, reserved 1048576K
}
Event: 262.074 GC heap after
{Heap after GC invocations=69 (full 0):
 garbage-first heap   total 268288K, used 166188K [0x0000000080000000, 0x0000000100000000)
  region size 1024K, 9 young (9216K), 9 survivors (9216K)
 Metaspace       used 121137K, committed 122304K, reserved 1179648K
  class space    used 16261K, committed 16832K, reserved 1048576K
}
Event: 262.419 GC heap before
{Heap before GC invocations=70 (full 0):
 garbage-first heap   total 286720K, used 216364K [0x0000000080000000, 0x0000000100000000)
  region size 1024K, 59 young (60416K), 9 survivors (9216K)
 Metaspace       used 121388K, committed 122560K, reserved 1179648K
  class space    used 16265K, committed 16832K, reserved 1048576K
}
Event: 262.426 GC heap after
{Heap after GC invocations=71 (full 0):
 garbage-first heap   total 286720K, used 176578K [0x0000000080000000, 0x0000000100000000)
  region size 1024K, 8 young (8192K), 8 survivors (8192K)
 Metaspace       used 121388K, committed 122560K, reserved 1179648K
  class space    used 16265K, committed 16832K, reserved 1048576K
}
Event: 262.478 GC heap before
{Heap before GC invocations=71 (full 0):
 garbage-first heap   total 286720K, used 181698K [0x0000000080000000, 0x0000000100000000)
  region size 1024K, 14 young (14336K), 8 survivors (8192K)
 Metaspace       used 121399K, committed 122560K, reserved 1179648K
  class space    used 16265K, committed 16832K, reserved 1048576K
}
Event: 262.484 GC heap after
{Heap after GC invocations=72 (full 0):
 garbage-first heap   total 286720K, used 153600K [0x0000000080000000, 0x0000000100000000)
  region size 1024K, 2 young (2048K), 2 survivors (2048K)
 Metaspace       used 121399K, committed 122560K, reserved 1179648K
  class space    used 16265K, committed 16832K, reserved 1048576K
}
Event: 262.595 GC heap before
{Heap before GC invocations=72 (full 0):
 garbage-first heap   total 286720K, used 165888K [0x0000000080000000, 0x0000000100000000)
  region size 1024K, 14 young (14336K), 2 survivors (2048K)
 Metaspace       used 121463K, committed 122688K, reserved 1179648K
  class space    used 16268K, committed 16832K, reserved 1048576K
}
Event: 262.601 GC heap after
{Heap after GC invocations=73 (full 0):
 garbage-first heap   total 489472K, used 149075K [0x0000000080000000, 0x0000000100000000)
  region size 1024K, 2 young (2048K), 2 survivors (2048K)
 Metaspace       used 121463K, committed 122688K, reserved 1179648K
  class space    used 16268K, committed 16832K, reserved 1048576K
}
Event: 263.108 GC heap before
{Heap before GC invocations=73 (full 0):
 garbage-first heap   total 489472K, used 204371K [0x0000000080000000, 0x0000000100000000)
  region size 1024K, 58 young (59392K), 2 survivors (2048K)
 Metaspace       used 128830K, committed 129920K, reserved 1179648K
  class space    used 17239K, committed 17728K, reserved 1048576K
}
Event: 263.113 GC heap after
{Heap after GC invocations=74 (full 0):
 garbage-first heap   total 489472K, used 154169K [0x0000000080000000, 0x0000000100000000)
  region size 1024K, 7 young (7168K), 7 survivors (7168K)
 Metaspace       used 128830K, committed 129920K, reserved 1179648K
  class space    used 17239K, committed 17728K, reserved 1048576K
}
Event: 264.973 GC heap before
{Heap before GC invocations=75 (full 0):
 garbage-first heap   total 489472K, used 358969K [0x0000000080000000, 0x0000000100000000)
  region size 1024K, 206 young (210944K), 7 survivors (7168K)
 Metaspace       used 147923K, committed 149184K, reserved 1179648K
  class space    used 20353K, committed 20928K, reserved 1048576K
}
Event: 264.979 GC heap after
{Heap after GC invocations=76 (full 0):
 garbage-first heap   total 489472K, used 161351K [0x0000000080000000, 0x0000000100000000)
  region size 1024K, 12 young (12288K), 12 survivors (12288K)
 Metaspace       used 147923K, committed 149184K, reserved 1179648K
  class space    used 20353K, committed 20928K, reserved 1048576K
}
Event: 265.095 GC heap before
{Heap before GC invocations=76 (full 0):
 garbage-first heap   total 489472K, used 183879K [0x0000000080000000, 0x0000000100000000)
  region size 1024K, 23 young (23552K), 12 survivors (12288K)
 Metaspace       used 148889K, committed 150080K, reserved 1179648K
  class space    used 20495K, committed 21056K, reserved 1048576K
}
Event: 265.100 GC heap after
{Heap after GC invocations=77 (full 0):
 garbage-first heap   total 489472K, used 157519K [0x0000000080000000, 0x0000000100000000)
  region size 1024K, 2 young (2048K), 2 survivors (2048K)
 Metaspace       used 148889K, committed 150080K, reserved 1179648K
  class space    used 20495K, committed 21056K, reserved 1048576K
}
Event: 866.875 GC heap before
{Heap before GC invocations=77 (full 0):
 garbage-first heap   total 489472K, used 195407K [0x0000000080000000, 0x0000000100000000)
  region size 1024K, 40 young (40960K), 2 survivors (2048K)
 Metaspace       used 149192K, committed 150464K, reserved 1179648K
  class space    used 20534K, committed 21120K, reserved 1048576K
}
Event: 866.877 GC heap after
{Heap after GC invocations=78 (full 0):
 garbage-first heap   total 489472K, used 156803K [0x0000000080000000, 0x0000000100000000)
  region size 1024K, 2 young (2048K), 2 survivors (2048K)
 Metaspace       used 149192K, committed 150464K, reserved 1179648K
  class space    used 20534K, committed 21120K, reserved 1048576K
}

